10:10:22.192 INFO  - Please input a law firm subsidiary name
10:10:24.250 INFO  - Info about all law firms:

10:10:24.251 INFO  - Law firm The Law:
[Lawyer Matthew Johnson, Lawyer 1 2, Lawyer Solid Snake, Lawyer The Remote Lawyer]
[Secretary Jane Doe, Secretary Jane Doe 2]
10:10:24.252 INFO  - Law firm The Law(Physical):
[]
[]
10:10:24.253 INFO  - Law firm The Law(Remote):
[]
[]
10:10:24.253 INFO  - Init complete.

10:10:24.254 INFO  - Listing costs for client John Doe
10:10:24.255 ERROR - There are no cases for client John Doe.
10:10:24.255 INFO  - Adding cases from law firm The Law to law firm p
10:10:24.255 INFO  - Listing costs for client John Doe
10:10:24.256 INFO  - Listing costs for all cases for John Doe:

10:10:24.260 INFO  - Case Defamation 1:
10:10:24.260 INFO  - The costs of a 240 hour plan for all lawyers in p are:

10:10:24.261 INFO  - The Custom:
10:10:24.263 INFO  - Base rate of 14.0, plus hourly rate of 4.0
10:10:24.263 INFO  - Total: 974.0

10:10:24.264 INFO  - ----------------------

10:10:24.264 INFO  - Case Dummy Case:
10:10:24.265 INFO  - The costs of a 72 hour plan for all lawyers in p are:

10:10:24.266 INFO  - The Custom:
10:10:24.266 INFO  - Base rate of 14.0, plus hourly rate of 4.0
10:10:24.267 INFO  - Total: 302.0

10:10:24.268 INFO  - ----------------------

